# JRE version: Java(TM) SE Runtime Environment (8.0_121-b13) (build 1.8.0_121-b13)
# Java VM: Java HotSpot(TM) 64-Bit Server VM (25.121-b13 mixed mode windows-amd64 compressed oops)
Heap:
 PSYoungGen      total 59904K, used 45196K [0x00000000e0000000, 0x00000000e4b80000, 0x0000000100000000)
  eden space 55296K, 73% used [0x00000000e0000000,0x00000000e27d8048,0x00000000e3600000)
  from space 4608K, 95% used [0x00000000e4700000,0x00000000e4b4b198,0x00000000e4b80000)
  to   space 6656K, 0% used [0x00000000e3e80000,0x00000000e3e80000,0x00000000e4500000)
 ParOldGen       total 35328K, used 10110K [0x00000000a0000000, 0x00000000a2280000, 0x00000000e0000000)
  object space 35328K, 28% used [0x00000000a0000000,0x00000000a09df8a0,0x00000000a2280000)
 Metaspace       used 26761K, capacity 27240K, committed 27520K, reserved 1073152K
  class space    used 3768K, capacity 3902K, committed 3968K, reserved 1048576K
GC Heap History (10 events):
Event: 2.688 GC heap before
{Heap before GC invocations=5 (full 0):
 PSYoungGen      total 18944K, used 18912K [0x00000000e0000000, 0x00000000e2500000, 0x0000000100000000)
  eden space 16384K, 100% used [0x00000000e0000000,0x00000000e1000000,0x00000000e1000000)
  from space 2560K, 98% used [0x00000000e1280000,0x00000000e14f8040,0x00000000e1500000)
  to   space 2560K, 0% used [0x00000000e1000000,0x00000000e1000000,0x00000000e1280000)
 ParOldGen       total 44032K, used 4157K [0x00000000a0000000, 0x00000000a2b00000, 0x00000000e0000000)
  object space 44032K, 9% used [0x00000000a0000000,0x00000000a040f6d0,0x00000000a2b00000)
 Metaspace       used 17035K, capacity 17354K, committed 17536K, reserved 1064960K
  class space    used 2294K, capacity 2393K, committed 2432K, reserved 1048576K
Event: 2.697 GC heap after
Heap after GC invocations=5 (full 0):
 PSYoungGen      total 18944K, used 2528K [0x00000000e0000000, 0x00000000e2e00000, 0x0000000100000000)
  eden space 16384K, 0% used [0x00000000e0000000,0x00000000e0000000,0x00000000e1000000)
  from space 2560K, 98% used [0x00000000e1000000,0x00000000e1278020,0x00000000e1280000)
  to   space 7168K, 0% used [0x00000000e2700000,0x00000000e2700000,0x00000000e2e00000)
 ParOldGen       total 44032K, used 8114K [0x00000000a0000000, 0x00000000a2b00000, 0x00000000e0000000)
  object space 44032K, 18% used [0x00000000a0000000,0x00000000a07ec998,0x00000000a2b00000)
 Metaspace       used 17035K, capacity 17354K, committed 17536K, reserved 1064960K
  class space    used 2294K, capacity 2393K, committed 2432K, reserved 1048576K
}
Event: 3.338 GC heap before
{Heap before GC invocations=6 (full 0):
 PSYoungGen      total 18944K, used 18912K [0x00000000e0000000, 0x00000000e2e00000, 0x0000000100000000)
  eden space 16384K, 100% used [0x00000000e0000000,0x00000000e1000000,0x00000000e1000000)
  from space 2560K, 98% used [0x00000000e1000000,0x00000000e1278020,0x00000000e1280000)
  to   space 7168K, 0% used [0x00000000e2700000,0x00000000e2700000,0x00000000e2e00000)
 ParOldGen       total 44032K, used 8114K [0x00000000a0000000, 0x00000000a2b00000, 0x00000000e0000000)
  object space 44032K, 18% used [0x00000000a0000000,0x00000000a07ec998,0x00000000a2b00000)
 Metaspace       used 18853K, capacity 19246K, committed 19456K, reserved 1067008K
  class space    used 2583K, capacity 2721K, committed 2816K, reserved 1048576K
Event: 3.405 GC heap after
Heap after GC invocations=6 (full 0):
 PSYoungGen      total 39936K, used 4691K [0x00000000e0000000, 0x00000000e2e00000, 0x0000000100000000)
  eden space 32768K, 0% used [0x00000000e0000000,0x00000000e0000000,0x00000000e2000000)
  from space 7168K, 65% used [0x00000000e2700000,0x00000000e2b94fd0,0x00000000e2e00000)
  to   space 7168K, 0% used [0x00000000e2000000,0x00000000e2000000,0x00000000e2700000)
 ParOldGen       total 44032K, used 8114K [0x00000000a0000000, 0x00000000a2b00000, 0x00000000e0000000)
  object space 44032K, 18% used [0x00000000a0000000,0x00000000a07ec998,0x00000000a2b00000)
 Metaspace       used 18853K, capacity 19246K, committed 19456K, reserved 1067008K
  class space    used 2583K, capacity 2721K, committed 2816K, reserved 1048576K
}
Event: 3.846 GC heap before
{Heap before GC invocations=7 (full 0):
 PSYoungGen      total 39936K, used 24607K [0x00000000e0000000, 0x00000000e2e00000, 0x0000000100000000)
  eden space 32768K, 60% used [0x00000000e0000000,0x00000000e1372d90,0x00000000e2000000)
  from space 7168K, 65% used [0x00000000e2700000,0x00000000e2b94fd0,0x00000000e2e00000)
  to   space 7168K, 0% used [0x00000000e2000000,0x00000000e2000000,0x00000000e2700000)
 ParOldGen       total 44032K, used 8114K [0x00000000a0000000, 0x00000000a2b00000, 0x00000000e0000000)
  object space 44032K, 18% used [0x00000000a0000000,0x00000000a07ec998,0x00000000a2b00000)
 Metaspace       used 20806K, capacity 21202K, committed 21296K, reserved 1067008K
  class space    used 2789K, capacity 2920K, committed 2944K, reserved 1048576K
Event: 3.888 GC heap after
Heap after GC invocations=7 (full 0):
 PSYoungGen      total 39936K, used 4799K [0x00000000e0000000, 0x00000000e4e00000, 0x0000000100000000)
  eden space 32768K, 0% used [0x00000000e0000000,0x00000000e0000000,0x00000000e2000000)
  from space 7168K, 66% used [0x00000000e2000000,0x00000000e24afcf0,0x00000000e2700000)
  to   space 7168K, 0% used [0x00000000e4700000,0x00000000e4700000,0x00000000e4e00000)
 ParOldGen       total 44032K, used 8802K [0x00000000a0000000, 0x00000000a2b00000, 0x00000000e0000000)
  object space 44032K, 19% used [0x00000000a0000000,0x00000000a08989d8,0x00000000a2b00000)
 Metaspace       used 20806K, capacity 21202K, committed 21296K, reserved 1067008K
  class space    used 2789K, capacity 2920K, committed 2944K, reserved 1048576K
}
Event: 3.888 GC heap before
{Heap before GC invocations=8 (full 1):
 PSYoungGen      total 39936K, used 4799K [0x00000000e0000000, 0x00000000e4e00000, 0x0000000100000000)
  eden space 32768K, 0% used [0x00000000e0000000,0x00000000e0000000,0x00000000e2000000)
  from space 7168K, 66% used [0x00000000e2000000,0x00000000e24afcf0,0x00000000e2700000)
  to   space 7168K, 0% used [0x00000000e4700000,0x00000000e4700000,0x00000000e4e00000)
 ParOldGen       total 44032K, used 8802K [0x00000000a0000000, 0x00000000a2b00000, 0x00000000e0000000)
  object space 44032K, 19% used [0x00000000a0000000,0x00000000a08989d8,0x00000000a2b00000)
 Metaspace       used 20806K, capacity 21202K, committed 21296K, reserved 1067008K
  class space    used 2789K, capacity 2920K, committed 2944K, reserved 1048576K
Event: 3.957 GC heap after
Heap after GC invocations=8 (full 1):
 PSYoungGen      total 39936K, used 0K [0x00000000e0000000, 0x00000000e4e00000, 0x0000000100000000)
  eden space 32768K, 0% used [0x00000000e0000000,0x00000000e0000000,0x00000000e2000000)
  from space 7168K, 0% used [0x00000000e2000000,0x00000000e2000000,0x00000000e2700000)
  to   space 7168K, 0% used [0x00000000e4700000,0x00000000e4700000,0x00000000e4e00000)
 ParOldGen       total 35328K, used 10102K [0x00000000a0000000, 0x00000000a2280000, 0x00000000e0000000)
  object space 35328K, 28% used [0x00000000a0000000,0x00000000a09dd8a0,0x00000000a2280000)
 Metaspace       used 20806K, capacity 21202K, committed 21296K, reserved 1067008K
  class space    used 2789K, capacity 2920K, committed 2944K, reserved 1048576K
}
Event: 4.710 GC heap before
{Heap before GC invocations=9 (full 1):
 PSYoungGen      total 39936K, used 32768K [0x00000000e0000000, 0x00000000e4e00000, 0x0000000100000000)
  eden space 32768K, 100% used [0x00000000e0000000,0x00000000e2000000,0x00000000e2000000)
  from space 7168K, 0% used [0x00000000e2000000,0x00000000e2000000,0x00000000e2700000)
  to   space 7168K, 0% used [0x00000000e4700000,0x00000000e4700000,0x00000000e4e00000)
 ParOldGen       total 35328K, used 10102K [0x00000000a0000000, 0x00000000a2280000, 0x00000000e0000000)
  object space 35328K, 28% used [0x00000000a0000000,0x00000000a09dd8a0,0x00000000a2280000)
 Metaspace       used 23491K, capacity 23932K, committed 24192K, reserved 1071104K
  class space    used 3241K, capacity 3356K, committed 3456K, reserved 1048576K
Event: 4.721 GC heap after
Heap after GC invocations=9 (full 1):
 PSYoungGen      total 59904K, used 4396K [0x00000000e0000000, 0x00000000e4b80000, 0x0000000100000000)
  eden space 55296K, 0% used [0x00000000e0000000,0x00000000e0000000,0x00000000e3600000)
  from space 4608K, 95% used [0x00000000e4700000,0x00000000e4b4b198,0x00000000e4b80000)
  to   space 6656K, 0% used [0x00000000e3e80000,0x00000000e3e80000,0x00000000e4500000)
 ParOldGen       total 35328K, used 10110K [0x00000000a0000000, 0x00000000a2280000, 0x00000000e0000000)
  object space 35328K, 28% used [0x00000000a0000000,0x00000000a09df8a0,0x00000000a2280000)
 Metaspace       used 23491K, capacity 23932K, committed 24192K, reserved 1071104K
  class space    used 3241K, capacity 3356K, committed 3456K, reserved 1048576K
}

