# JRE version: Java(TM) SE Runtime Environment (8.0_121-b13) (build 1.8.0_121-b13)
# Java VM: Java HotSpot(TM) 64-Bit Server VM (25.121-b13 mixed mode windows-amd64 compressed oops)
Heap:
 PSYoungGen      total 182784K, used 131889K [0x00000000e0000000, 0x00000000eec80000, 0x0000000100000000)
  eden space 163328K, 75% used [0x00000000e0000000,0x00000000e78b8e08,0x00000000e9f80000)
  from space 19456K, 42% used [0x00000000eb180000,0x00000000eb9936e0,0x00000000ec480000)
  to   space 18432K, 0% used [0x00000000e9f80000,0x00000000e9f80000,0x00000000eb180000)
 ParOldGen       total 53760K, used 40119K [0x00000000a0000000, 0x00000000a3480000, 0x00000000e0000000)
  object space 53760K, 74% used [0x00000000a0000000,0x00000000a272de10,0x00000000a3480000)
 Metaspace       used 56558K, capacity 58740K, committed 59008K, reserved 1099776K
  class space    used 7739K, capacity 8241K, committed 8320K, reserved 1048576K
GC Heap History (10 events):
Event: 13.946 GC heap before
{Heap before GC invocations=15 (full 2):
 PSYoungGen      total 131072K, used 129586K [0x00000000e0000000, 0x00000000e8b80000, 0x0000000100000000)
  eden space 121344K, 100% used [0x00000000e0000000,0x00000000e7680000,0x00000000e7680000)
  from space 9728K, 84% used [0x00000000e8200000,0x00000000e8a0cb18,0x00000000e8b80000)
  to   space 10752K, 0% used [0x00000000e7680000,0x00000000e7680000,0x00000000e8100000)
 ParOldGen       total 53760K, used 19088K [0x00000000a0000000, 0x00000000a3480000, 0x00000000e0000000)
  object space 53760K, 35% used [0x00000000a0000000,0x00000000a12a41e8,0x00000000a3480000)
 Metaspace       used 46316K, capacity 47538K, committed 47744K, reserved 1089536K
  class space    used 6396K, capacity 6669K, committed 6784K, reserved 1048576K
Event: 13.969 GC heap after
Heap after GC invocations=15 (full 2):
 PSYoungGen      total 132096K, used 10723K [0x00000000e0000000, 0x00000000ebc00000, 0x0000000100000000)
  eden space 121344K, 0% used [0x00000000e0000000,0x00000000e0000000,0x00000000e7680000)
  from space 10752K, 99% used [0x00000000e7680000,0x00000000e80f8fd8,0x00000000e8100000)
  to   space 14336K, 0% used [0x00000000eae00000,0x00000000eae00000,0x00000000ebc00000)
 ParOldGen       total 53760K, used 24781K [0x00000000a0000000, 0x00000000a3480000, 0x00000000e0000000)
  object space 53760K, 46% used [0x00000000a0000000,0x00000000a18335c8,0x00000000a3480000)
 Metaspace       used 46316K, capacity 47538K, committed 47744K, reserved 1089536K
  class space    used 6396K, capacity 6669K, committed 6784K, reserved 1048576K
}
Event: 15.682 GC heap before
{Heap before GC invocations=16 (full 2):
 PSYoungGen      total 132096K, used 132067K [0x00000000e0000000, 0x00000000ebc00000, 0x0000000100000000)
  eden space 121344K, 100% used [0x00000000e0000000,0x00000000e7680000,0x00000000e7680000)
  from space 10752K, 99% used [0x00000000e7680000,0x00000000e80f8fd8,0x00000000e8100000)
  to   space 14336K, 0% used [0x00000000eae00000,0x00000000eae00000,0x00000000ebc00000)
 ParOldGen       total 53760K, used 24781K [0x00000000a0000000, 0x00000000a3480000, 0x00000000e0000000)
  object space 53760K, 46% used [0x00000000a0000000,0x00000000a18335c8,0x00000000a3480000)
 Metaspace       used 50766K, capacity 52400K, committed 52608K, reserved 1093632K
  class space    used 7099K, capacity 7470K, committed 7552K, reserved 1048576K
Event: 15.728 GC heap after
Heap after GC invocations=16 (full 2):
 PSYoungGen      total 173056K, used 14326K [0x00000000e0000000, 0x00000000ec480000, 0x0000000100000000)
  eden space 158720K, 0% used [0x00000000e0000000,0x00000000e0000000,0x00000000e9b00000)
  from space 14336K, 99% used [0x00000000eae00000,0x00000000ebbfd948,0x00000000ebc00000)
  to   space 19456K, 0% used [0x00000000e9b00000,0x00000000e9b00000,0x00000000eae00000)
 ParOldGen       total 53760K, used 32861K [0x00000000a0000000, 0x00000000a3480000, 0x00000000e0000000)
  object space 53760K, 61% used [0x00000000a0000000,0x00000000a20174d8,0x00000000a3480000)
 Metaspace       used 50766K, capacity 52400K, committed 52608K, reserved 1093632K
  class space    used 7099K, capacity 7470K, committed 7552K, reserved 1048576K
}
Event: 16.332 GC heap before
{Heap before GC invocations=17 (full 2):
 PSYoungGen      total 173056K, used 30622K [0x00000000e0000000, 0x00000000ec480000, 0x0000000100000000)
  eden space 158720K, 10% used [0x00000000e0000000,0x00000000e0fea1a0,0x00000000e9b00000)
  from space 14336K, 99% used [0x00000000eae00000,0x00000000ebbfd948,0x00000000ebc00000)
  to   space 19456K, 0% used [0x00000000e9b00000,0x00000000e9b00000,0x00000000eae00000)
 ParOldGen       total 53760K, used 32861K [0x00000000a0000000, 0x00000000a3480000, 0x00000000e0000000)
  object space 53760K, 61% used [0x00000000a0000000,0x00000000a20174d8,0x00000000a3480000)
 Metaspace       used 51783K, capacity 53622K, committed 53760K, reserved 1095680K
  class space    used 7257K, capacity 7674K, committed 7680K, reserved 1048576K
Event: 16.416 GC heap after
Heap after GC invocations=17 (full 2):
 PSYoungGen      total 178176K, used 1754K [0x00000000e0000000, 0x00000000ec480000, 0x0000000100000000)
  eden space 158720K, 0% used [0x00000000e0000000,0x00000000e0000000,0x00000000e9b00000)
  from space 19456K, 9% used [0x00000000e9b00000,0x00000000e9cb6b20,0x00000000eae00000)
  to   space 19456K, 0% used [0x00000000eb180000,0x00000000eb180000,0x00000000ec480000)
 ParOldGen       total 53760K, used 45800K [0x00000000a0000000, 0x00000000a3480000, 0x00000000e0000000)
  object space 53760K, 85% used [0x00000000a0000000,0x00000000a2cba1c0,0x00000000a3480000)
 Metaspace       used 51783K, capacity 53622K, committed 53760K, reserved 1095680K
  class space    used 7257K, capacity 7674K, committed 7680K, reserved 1048576K
}
Event: 16.416 GC heap before
{Heap before GC invocations=18 (full 3):
 PSYoungGen      total 178176K, used 1754K [0x00000000e0000000, 0x00000000ec480000, 0x0000000100000000)
  eden space 158720K, 0% used [0x00000000e0000000,0x00000000e0000000,0x00000000e9b00000)
  from space 19456K, 9% used [0x00000000e9b00000,0x00000000e9cb6b20,0x00000000eae00000)
  to   space 19456K, 0% used [0x00000000eb180000,0x00000000eb180000,0x00000000ec480000)
 ParOldGen       total 53760K, used 45800K [0x00000000a0000000, 0x00000000a3480000, 0x00000000e0000000)
  object space 53760K, 85% used [0x00000000a0000000,0x00000000a2cba1c0,0x00000000a3480000)
 Metaspace       used 51783K, capacity 53622K, committed 53760K, reserved 1095680K
  class space    used 7257K, capacity 7674K, committed 7680K, reserved 1048576K
Event: 16.899 GC heap after
Heap after GC invocations=18 (full 3):
 PSYoungGen      total 178176K, used 0K [0x00000000e0000000, 0x00000000ec480000, 0x0000000100000000)
  eden space 158720K, 0% used [0x00000000e0000000,0x00000000e0000000,0x00000000e9b00000)
  from space 19456K, 0% used [0x00000000e9b00000,0x00000000e9b00000,0x00000000eae00000)
  to   space 19456K, 0% used [0x00000000eb180000,0x00000000eb180000,0x00000000ec480000)
 ParOldGen       total 53760K, used 40111K [0x00000000a0000000, 0x00000000a3480000, 0x00000000e0000000)
  object space 53760K, 74% used [0x00000000a0000000,0x00000000a272be10,0x00000000a3480000)
 Metaspace       used 51783K, capacity 53622K, committed 53760K, reserved 1095680K
  class space    used 7257K, capacity 7674K, committed 7680K, reserved 1048576K
}
Event: 31.548 GC heap before
{Heap before GC invocations=19 (full 3):
 PSYoungGen      total 178176K, used 158720K [0x00000000e0000000, 0x00000000ec480000, 0x0000000100000000)
  eden space 158720K, 100% used [0x00000000e0000000,0x00000000e9b00000,0x00000000e9b00000)
  from space 19456K, 0% used [0x00000000e9b00000,0x00000000e9b00000,0x00000000eae00000)
  to   space 19456K, 0% used [0x00000000eb180000,0x00000000eb180000,0x00000000ec480000)
 ParOldGen       total 53760K, used 40111K [0x00000000a0000000, 0x00000000a3480000, 0x00000000e0000000)
  object space 53760K, 74% used [0x00000000a0000000,0x00000000a272be10,0x00000000a3480000)
 Metaspace       used 55634K, capacity 57772K, committed 58112K, reserved 1099776K
  class space    used 7667K, capacity 8139K, committed 8192K, reserved 1048576K
Event: 31.564 GC heap after
Heap after GC invocations=19 (full 3):
 PSYoungGen      total 182784K, used 8269K [0x00000000e0000000, 0x00000000eec80000, 0x0000000100000000)
  eden space 163328K, 0% used [0x00000000e0000000,0x00000000e0000000,0x00000000e9f80000)
  from space 19456K, 42% used [0x00000000eb180000,0x00000000eb9936e0,0x00000000ec480000)
  to   space 18432K, 0% used [0x00000000e9f80000,0x00000000e9f80000,0x00000000eb180000)
 ParOldGen       total 53760K, used 40119K [0x00000000a0000000, 0x00000000a3480000, 0x00000000e0000000)
  object space 53760K, 74% used [0x00000000a0000000,0x00000000a272de10,0x00000000a3480000)
 Metaspace       used 55634K, capacity 57772K, committed 58112K, reserved 1099776K
  class space    used 7667K, capacity 8139K, committed 8192K, reserved 1048576K
}

