# JRE version: Java(TM) SE Runtime Environment (8.0_121-b13) (build 1.8.0_121-b13)
# Java VM: Java HotSpot(TM) 64-Bit Server VM (25.121-b13 mixed mode windows-amd64 compressed oops)
Heap:
 PSYoungGen      total 74240K, used 23711K [0x00000000e0000000, 0x00000000e8000000, 0x0000000100000000)
  eden space 65536K, 24% used [0x00000000e0000000,0x00000000e0fec078,0x00000000e4000000)
  from space 8704K, 85% used [0x00000000e4000000,0x00000000e473bc70,0x00000000e4880000)
  to   space 9216K, 0% used [0x00000000e7700000,0x00000000e7700000,0x00000000e8000000)
 ParOldGen       total 38400K, used 11347K [0x00000000a0000000, 0x00000000a2580000, 0x00000000e0000000)
  object space 38400K, 29% used [0x00000000a0000000,0x00000000a0b14c38,0x00000000a2580000)
 Metaspace       used 27474K, capacity 28024K, committed 28160K, reserved 1073152K
  class space    used 3879K, capacity 4034K, committed 4096K, reserved 1048576K
GC Heap History (10 events):
Event: 2.085 GC heap before
{Heap before GC invocations=4 (full 0):
 PSYoungGen      total 18944K, used 18912K [0x00000000e0000000, 0x00000000e2500000, 0x0000000100000000)
  eden space 16384K, 100% used [0x00000000e0000000,0x00000000e1000000,0x00000000e1000000)
  from space 2560K, 98% used [0x00000000e1000000,0x00000000e1278020,0x00000000e1280000)
  to   space 2560K, 0% used [0x00000000e2280000,0x00000000e2280000,0x00000000e2500000)
 ParOldGen       total 44032K, used 2181K [0x00000000a0000000, 0x00000000a2b00000, 0x00000000e0000000)
  object space 44032K, 4% used [0x00000000a0000000,0x00000000a02216d8,0x00000000a2b00000)
 Metaspace       used 13027K, capacity 13402K, committed 13440K, reserved 1060864K
  class space    used 1788K, capacity 1885K, committed 1920K, reserved 1048576K
Event: 2.124 GC heap after
Heap after GC invocations=4 (full 0):
 PSYoungGen      total 35328K, used 2560K [0x00000000e0000000, 0x00000000e2500000, 0x0000000100000000)
  eden space 32768K, 0% used [0x00000000e0000000,0x00000000e0000000,0x00000000e2000000)
  from space 2560K, 100% used [0x00000000e2280000,0x00000000e2500000,0x00000000e2500000)
  to   space 2560K, 0% used [0x00000000e2000000,0x00000000e2000000,0x00000000e2280000)
 ParOldGen       total 44032K, used 4116K [0x00000000a0000000, 0x00000000a2b00000, 0x00000000e0000000)
  object space 44032K, 9% used [0x00000000a0000000,0x00000000a04052a8,0x00000000a2b00000)
 Metaspace       used 13027K, capacity 13402K, committed 13440K, reserved 1060864K
  class space    used 1788K, capacity 1885K, committed 1920K, reserved 1048576K
}
Event: 3.115 GC heap before
{Heap before GC invocations=5 (full 0):
 PSYoungGen      total 35328K, used 35204K [0x00000000e0000000, 0x00000000e2500000, 0x0000000100000000)
  eden space 32768K, 99% used [0x00000000e0000000,0x00000000e1fe12b0,0x00000000e2000000)
  from space 2560K, 100% used [0x00000000e2280000,0x00000000e2500000,0x00000000e2500000)
  to   space 2560K, 0% used [0x00000000e2000000,0x00000000e2000000,0x00000000e2280000)
 ParOldGen       total 44032K, used 4116K [0x00000000a0000000, 0x00000000a2b00000, 0x00000000e0000000)
  object space 44032K, 9% used [0x00000000a0000000,0x00000000a04052a8,0x00000000a2b00000)
 Metaspace       used 18808K, capacity 19166K, committed 19456K, reserved 1067008K
  class space    used 2574K, capacity 2693K, committed 2816K, reserved 1048576K
Event: 3.140 GC heap after
Heap after GC invocations=5 (full 0):
 PSYoungGen      total 35328K, used 2544K [0x00000000e0000000, 0x00000000e5200000, 0x0000000100000000)
  eden space 32768K, 0% used [0x00000000e0000000,0x00000000e0000000,0x00000000e2000000)
  from space 2560K, 99% used [0x00000000e2000000,0x00000000e227c010,0x00000000e2280000)
  to   space 9216K, 0% used [0x00000000e4900000,0x00000000e4900000,0x00000000e5200000)
 ParOldGen       total 44032K, used 10484K [0x00000000a0000000, 0x00000000a2b00000, 0x00000000e0000000)
  object space 44032K, 23% used [0x00000000a0000000,0x00000000a0a3d2d8,0x00000000a2b00000)
 Metaspace       used 18808K, capacity 19166K, committed 19456K, reserved 1067008K
  class space    used 2574K, capacity 2693K, committed 2816K, reserved 1048576K
}
Event: 3.548 GC heap before
{Heap before GC invocations=6 (full 0):
 PSYoungGen      total 35328K, used 22405K [0x00000000e0000000, 0x00000000e5200000, 0x0000000100000000)
  eden space 32768K, 60% used [0x00000000e0000000,0x00000000e13655a0,0x00000000e2000000)
  from space 2560K, 99% used [0x00000000e2000000,0x00000000e227c010,0x00000000e2280000)
  to   space 9216K, 0% used [0x00000000e4900000,0x00000000e4900000,0x00000000e5200000)
 ParOldGen       total 44032K, used 10484K [0x00000000a0000000, 0x00000000a2b00000, 0x00000000e0000000)
  object space 44032K, 23% used [0x00000000a0000000,0x00000000a0a3d2d8,0x00000000a2b00000)
 Metaspace       used 20873K, capacity 21218K, committed 21296K, reserved 1067008K
  class space    used 2805K, capacity 2924K, committed 2944K, reserved 1048576K
Event: 3.669 GC heap after
Heap after GC invocations=6 (full 0):
 PSYoungGen      total 73728K, used 4880K [0x00000000e0000000, 0x00000000e5100000, 0x0000000100000000)
  eden space 65536K, 0% used [0x00000000e0000000,0x00000000e0000000,0x00000000e4000000)
  from space 8192K, 59% used [0x00000000e4900000,0x00000000e4dc40b0,0x00000000e5100000)
  to   space 8704K, 0% used [0x00000000e4000000,0x00000000e4000000,0x00000000e4880000)
 ParOldGen       total 44032K, used 10484K [0x00000000a0000000, 0x00000000a2b00000, 0x00000000e0000000)
  object space 44032K, 23% used [0x00000000a0000000,0x00000000a0a3d2d8,0x00000000a2b00000)
 Metaspace       used 20873K, capacity 21218K, committed 21296K, reserved 1067008K
  class space    used 2805K, capacity 2924K, committed 2944K, reserved 1048576K
}
Event: 3.669 GC heap before
{Heap before GC invocations=7 (full 1):
 PSYoungGen      total 73728K, used 4880K [0x00000000e0000000, 0x00000000e5100000, 0x0000000100000000)
  eden space 65536K, 0% used [0x00000000e0000000,0x00000000e0000000,0x00000000e4000000)
  from space 8192K, 59% used [0x00000000e4900000,0x00000000e4dc40b0,0x00000000e5100000)
  to   space 8704K, 0% used [0x00000000e4000000,0x00000000e4000000,0x00000000e4880000)
 ParOldGen       total 44032K, used 10484K [0x00000000a0000000, 0x00000000a2b00000, 0x00000000e0000000)
  object space 44032K, 23% used [0x00000000a0000000,0x00000000a0a3d2d8,0x00000000a2b00000)
 Metaspace       used 20873K, capacity 21218K, committed 21296K, reserved 1067008K
  class space    used 2805K, capacity 2924K, committed 2944K, reserved 1048576K
Event: 3.776 GC heap after
Heap after GC invocations=7 (full 1):
 PSYoungGen      total 73728K, used 0K [0x00000000e0000000, 0x00000000e5100000, 0x0000000100000000)
  eden space 65536K, 0% used [0x00000000e0000000,0x00000000e0000000,0x00000000e4000000)
  from space 8192K, 0% used [0x00000000e4900000,0x00000000e4900000,0x00000000e5100000)
  to   space 8704K, 0% used [0x00000000e4000000,0x00000000e4000000,0x00000000e4880000)
 ParOldGen       total 38400K, used 11339K [0x00000000a0000000, 0x00000000a2580000, 0x00000000e0000000)
  object space 38400K, 29% used [0x00000000a0000000,0x00000000a0b12c38,0x00000000a2580000)
 Metaspace       used 20873K, capacity 21218K, committed 21296K, reserved 1067008K
  class space    used 2805K, capacity 2924K, committed 2944K, reserved 1048576K
}
Event: 5.022 GC heap before
{Heap before GC invocations=8 (full 1):
 PSYoungGen      total 73728K, used 65536K [0x00000000e0000000, 0x00000000e5100000, 0x0000000100000000)
  eden space 65536K, 100% used [0x00000000e0000000,0x00000000e4000000,0x00000000e4000000)
  from space 8192K, 0% used [0x00000000e4900000,0x00000000e4900000,0x00000000e5100000)
  to   space 8704K, 0% used [0x00000000e4000000,0x00000000e4000000,0x00000000e4880000)
 ParOldGen       total 38400K, used 11339K [0x00000000a0000000, 0x00000000a2580000, 0x00000000e0000000)
  object space 38400K, 29% used [0x00000000a0000000,0x00000000a0b12c38,0x00000000a2580000)
 Metaspace       used 25990K, capacity 26488K, committed 26624K, reserved 1073152K
  class space    used 3663K, capacity 3778K, committed 3840K, reserved 1048576K
Event: 5.077 GC heap after
Heap after GC invocations=8 (full 1):
 PSYoungGen      total 74240K, used 7407K [0x00000000e0000000, 0x00000000e8000000, 0x0000000100000000)
  eden space 65536K, 0% used [0x00000000e0000000,0x00000000e0000000,0x00000000e4000000)
  from space 8704K, 85% used [0x00000000e4000000,0x00000000e473bc70,0x00000000e4880000)
  to   space 9216K, 0% used [0x00000000e7700000,0x00000000e7700000,0x00000000e8000000)
 ParOldGen       total 38400K, used 11347K [0x00000000a0000000, 0x00000000a2580000, 0x00000000e0000000)
  object space 38400K, 29% used [0x00000000a0000000,0x00000000a0b14c38,0x00000000a2580000)
 Metaspace       used 25990K, capacity 26488K, committed 26624K, reserved 1073152K
  class space    used 3663K, capacity 3778K, committed 3840K, reserved 1048576K
}

