# JRE version: Java(TM) SE Runtime Environment (8.0_121-b13) (build 1.8.0_121-b13)
# Java VM: Java HotSpot(TM) 64-Bit Server VM (25.121-b13 mixed mode windows-amd64 compressed oops)
Heap:
 PSYoungGen      total 70656K, used 50318K [0x00000000e0000000, 0x00000000e4f00000, 0x0000000100000000)
  eden space 64000K, 68% used [0x00000000e0000000,0x00000000e2aa7578,0x00000000e3e80000)
  from space 6656K, 99% used [0x00000000e3e80000,0x00000000e44fc4d8,0x00000000e4500000)
  to   space 7680K, 0% used [0x00000000e4780000,0x00000000e4780000,0x00000000e4f00000)
 ParOldGen       total 35840K, used 8232K [0x00000000a0000000, 0x00000000a2300000, 0x00000000e0000000)
  object space 35840K, 22% used [0x00000000a0000000,0x00000000a080a3b0,0x00000000a2300000)
 Metaspace       used 27996K, capacity 28496K, committed 28672K, reserved 1073152K
  class space    used 3901K, capacity 4038K, committed 4096K, reserved 1048576K
GC Heap History (10 events):
Event: 3.073 GC heap before
{Heap before GC invocations=6 (full 0):
 PSYoungGen      total 18944K, used 18912K [0x00000000e0000000, 0x00000000e2e00000, 0x0000000100000000)
  eden space 16384K, 100% used [0x00000000e0000000,0x00000000e1000000,0x00000000e1000000)
  from space 2560K, 98% used [0x00000000e1000000,0x00000000e1278020,0x00000000e1280000)
  to   space 7168K, 0% used [0x00000000e2700000,0x00000000e2700000,0x00000000e2e00000)
 ParOldGen       total 44032K, used 8052K [0x00000000a0000000, 0x00000000a2b00000, 0x00000000e0000000)
  object space 44032K, 18% used [0x00000000a0000000,0x00000000a07dd1a0,0x00000000a2b00000)
 Metaspace       used 18936K, capacity 19294K, committed 19456K, reserved 1067008K
  class space    used 2581K, capacity 2693K, committed 2816K, reserved 1048576K
Event: 3.112 GC heap after
Heap after GC invocations=6 (full 0):
 PSYoungGen      total 39936K, used 4643K [0x00000000e0000000, 0x00000000e2e00000, 0x0000000100000000)
  eden space 32768K, 0% used [0x00000000e0000000,0x00000000e0000000,0x00000000e2000000)
  from space 7168K, 64% used [0x00000000e2700000,0x00000000e2b88e50,0x00000000e2e00000)
  to   space 7168K, 0% used [0x00000000e2000000,0x00000000e2000000,0x00000000e2700000)
 ParOldGen       total 44032K, used 8052K [0x00000000a0000000, 0x00000000a2b00000, 0x00000000e0000000)
  object space 44032K, 18% used [0x00000000a0000000,0x00000000a07dd1a0,0x00000000a2b00000)
 Metaspace       used 18936K, capacity 19294K, committed 19456K, reserved 1067008K
  class space    used 2581K, capacity 2693K, committed 2816K, reserved 1048576K
}
Event: 3.500 GC heap before
{Heap before GC invocations=7 (full 0):
 PSYoungGen      total 39936K, used 24073K [0x00000000e0000000, 0x00000000e2e00000, 0x0000000100000000)
  eden space 32768K, 59% used [0x00000000e0000000,0x00000000e12f9950,0x00000000e2000000)
  from space 7168K, 64% used [0x00000000e2700000,0x00000000e2b88e50,0x00000000e2e00000)
  to   space 7168K, 0% used [0x00000000e2000000,0x00000000e2000000,0x00000000e2700000)
 ParOldGen       total 44032K, used 8052K [0x00000000a0000000, 0x00000000a2b00000, 0x00000000e0000000)
  object space 44032K, 18% used [0x00000000a0000000,0x00000000a07dd1a0,0x00000000a2b00000)
 Metaspace       used 20851K, capacity 21218K, committed 21296K, reserved 1067008K
  class space    used 2783K, capacity 2924K, committed 2944K, reserved 1048576K
Event: 3.567 GC heap after
Heap after GC invocations=7 (full 0):
 PSYoungGen      total 39936K, used 4691K [0x00000000e0000000, 0x00000000e4e00000, 0x0000000100000000)
  eden space 32768K, 0% used [0x00000000e0000000,0x00000000e0000000,0x00000000e2000000)
  from space 7168K, 65% used [0x00000000e2000000,0x00000000e2494f68,0x00000000e2700000)
  to   space 7168K, 0% used [0x00000000e4700000,0x00000000e4700000,0x00000000e4e00000)
 ParOldGen       total 44032K, used 8772K [0x00000000a0000000, 0x00000000a2b00000, 0x00000000e0000000)
  object space 44032K, 19% used [0x00000000a0000000,0x00000000a08911e0,0x00000000a2b00000)
 Metaspace       used 20851K, capacity 21218K, committed 21296K, reserved 1067008K
  class space    used 2783K, capacity 2924K, committed 2944K, reserved 1048576K
}
Event: 3.567 GC heap before
{Heap before GC invocations=8 (full 1):
 PSYoungGen      total 39936K, used 4691K [0x00000000e0000000, 0x00000000e4e00000, 0x0000000100000000)
  eden space 32768K, 0% used [0x00000000e0000000,0x00000000e0000000,0x00000000e2000000)
  from space 7168K, 65% used [0x00000000e2000000,0x00000000e2494f68,0x00000000e2700000)
  to   space 7168K, 0% used [0x00000000e4700000,0x00000000e4700000,0x00000000e4e00000)
 ParOldGen       total 44032K, used 8772K [0x00000000a0000000, 0x00000000a2b00000, 0x00000000e0000000)
  object space 44032K, 19% used [0x00000000a0000000,0x00000000a08911e0,0x00000000a2b00000)
 Metaspace       used 20851K, capacity 21218K, committed 21296K, reserved 1067008K
  class space    used 2783K, capacity 2924K, committed 2944K, reserved 1048576K
Event: 3.734 GC heap after
Heap after GC invocations=8 (full 1):
 PSYoungGen      total 39936K, used 0K [0x00000000e0000000, 0x00000000e4e00000, 0x0000000100000000)
  eden space 32768K, 0% used [0x00000000e0000000,0x00000000e0000000,0x00000000e2000000)
  from space 7168K, 0% used [0x00000000e2000000,0x00000000e2000000,0x00000000e2700000)
  to   space 7168K, 0% used [0x00000000e4700000,0x00000000e4700000,0x00000000e4e00000)
 ParOldGen       total 35840K, used 8037K [0x00000000a0000000, 0x00000000a2300000, 0x00000000e0000000)
  object space 35840K, 22% used [0x00000000a0000000,0x00000000a07d9660,0x00000000a2300000)
 Metaspace       used 20851K, capacity 21218K, committed 21296K, reserved 1067008K
  class space    used 2783K, capacity 2924K, committed 2944K, reserved 1048576K
}
Event: 4.517 GC heap before
{Heap before GC invocations=9 (full 1):
 PSYoungGen      total 39936K, used 32768K [0x00000000e0000000, 0x00000000e4e00000, 0x0000000100000000)
  eden space 32768K, 100% used [0x00000000e0000000,0x00000000e2000000,0x00000000e2000000)
  from space 7168K, 0% used [0x00000000e2000000,0x00000000e2000000,0x00000000e2700000)
  to   space 7168K, 0% used [0x00000000e4700000,0x00000000e4700000,0x00000000e4e00000)
 ParOldGen       total 35840K, used 8037K [0x00000000a0000000, 0x00000000a2300000, 0x00000000e0000000)
  object space 35840K, 22% used [0x00000000a0000000,0x00000000a07d9660,0x00000000a2300000)
 Metaspace       used 23462K, capacity 23932K, committed 24192K, reserved 1071104K
  class space    used 3227K, capacity 3356K, committed 3456K, reserved 1048576K
Event: 4.546 GC heap after
Heap after GC invocations=9 (full 1):
 PSYoungGen      total 54784K, used 4412K [0x00000000e0000000, 0x00000000e4b80000, 0x0000000100000000)
  eden space 50176K, 0% used [0x00000000e0000000,0x00000000e0000000,0x00000000e3100000)
  from space 4608K, 95% used [0x00000000e4700000,0x00000000e4b4f238,0x00000000e4b80000)
  to   space 6656K, 0% used [0x00000000e3e80000,0x00000000e3e80000,0x00000000e4500000)
 ParOldGen       total 35840K, used 8045K [0x00000000a0000000, 0x00000000a2300000, 0x00000000e0000000)
  object space 35840K, 22% used [0x00000000a0000000,0x00000000a07db660,0x00000000a2300000)
 Metaspace       used 23462K, capacity 23932K, committed 24192K, reserved 1071104K
  class space    used 3227K, capacity 3356K, committed 3456K, reserved 1048576K
}
Event: 5.447 GC heap before
{Heap before GC invocations=10 (full 1):
 PSYoungGen      total 54784K, used 54588K [0x00000000e0000000, 0x00000000e4b80000, 0x0000000100000000)
  eden space 50176K, 100% used [0x00000000e0000000,0x00000000e3100000,0x00000000e3100000)
  from space 4608K, 95% used [0x00000000e4700000,0x00000000e4b4f238,0x00000000e4b80000)
  to   space 6656K, 0% used [0x00000000e3e80000,0x00000000e3e80000,0x00000000e4500000)
 ParOldGen       total 35840K, used 8045K [0x00000000a0000000, 0x00000000a2300000, 0x00000000e0000000)
  object space 35840K, 22% used [0x00000000a0000000,0x00000000a07db660,0x00000000a2300000)
 Metaspace       used 27606K, capacity 28088K, committed 28416K, reserved 1073152K
  class space    used 3889K, capacity 4034K, committed 4096K, reserved 1048576K
Event: 5.468 GC heap after
Heap after GC invocations=10 (full 1):
 PSYoungGen      total 70656K, used 6641K [0x00000000e0000000, 0x00000000e4f00000, 0x0000000100000000)
  eden space 64000K, 0% used [0x00000000e0000000,0x00000000e0000000,0x00000000e3e80000)
  from space 6656K, 99% used [0x00000000e3e80000,0x00000000e44fc4d8,0x00000000e4500000)
  to   space 7680K, 0% used [0x00000000e4780000,0x00000000e4780000,0x00000000e4f00000)
 ParOldGen       total 35840K, used 8232K [0x00000000a0000000, 0x00000000a2300000, 0x00000000e0000000)
  object space 35840K, 22% used [0x00000000a0000000,0x00000000a080a3b0,0x00000000a2300000)
 Metaspace       used 27606K, capacity 28088K, committed 28416K, reserved 1073152K
  class space    used 3889K, capacity 4034K, committed 4096K, reserved 1048576K
}

