# JRE version: Java(TM) SE Runtime Environment (8.0_121-b13) (build 1.8.0_121-b13)
# Java VM: Java HotSpot(TM) 64-Bit Server VM (25.121-b13 mixed mode windows-amd64 compressed oops)
Heap:
 PSYoungGen      total 137216K, used 134403K [0x00000000e0000000, 0x00000000ef080000, 0x0000000100000000)
  eden space 128000K, 100% used [0x00000000e0000000,0x00000000e7d00000,0x00000000e7d00000)
  from space 9216K, 69% used [0x00000000e7d00000,0x00000000e8340ee0,0x00000000e8600000)
  to   space 9216K, 99% used [0x00000000ee780000,0x00000000ef07eb58,0x00000000ef080000)
 ParOldGen       total 33792K, used 18869K [0x00000000a0000000, 0x00000000a2100000, 0x00000000e0000000)
  object space 33792K, 55% used [0x00000000a0000000,0x00000000a126d6d8,0x00000000a2100000)
 Metaspace       used 39080K, capacity 40096K, committed 40448K, reserved 1083392K
  class space    used 5301K, capacity 5522K, committed 5632K, reserved 1048576K
GC Heap History (10 events):
Event: 7.006 GC heap after
Heap after GC invocations=5 (full 0):
 PSYoungGen      total 68096K, used 2528K [0x00000000e0000000, 0x00000000e9200000, 0x0000000100000000)
  eden space 65536K, 0% used [0x00000000e0000000,0x00000000e0000000,0x00000000e4000000)
  from space 2560K, 98% used [0x00000000e4000000,0x00000000e4278020,0x00000000e4280000)
  to   space 9216K, 0% used [0x00000000e8900000,0x00000000e8900000,0x00000000e9200000)
 ParOldGen       total 44032K, used 12849K [0x00000000a0000000, 0x00000000a2b00000, 0x00000000e0000000)
  object space 44032K, 29% used [0x00000000a0000000,0x00000000a0c8c7d0,0x00000000a2b00000)
 Metaspace       used 20799K, capacity 21224K, committed 21296K, reserved 1067008K
  class space    used 2787K, capacity 2920K, committed 2944K, reserved 1048576K
}
Event: 7.006 GC heap before
{Heap before GC invocations=6 (full 1):
 PSYoungGen      total 68096K, used 2528K [0x00000000e0000000, 0x00000000e9200000, 0x0000000100000000)
  eden space 65536K, 0% used [0x00000000e0000000,0x00000000e0000000,0x00000000e4000000)
  from space 2560K, 98% used [0x00000000e4000000,0x00000000e4278020,0x00000000e4280000)
  to   space 9216K, 0% used [0x00000000e8900000,0x00000000e8900000,0x00000000e9200000)
 ParOldGen       total 44032K, used 12849K [0x00000000a0000000, 0x00000000a2b00000, 0x00000000e0000000)
  object space 44032K, 29% used [0x00000000a0000000,0x00000000a0c8c7d0,0x00000000a2b00000)
 Metaspace       used 20799K, capacity 21224K, committed 21296K, reserved 1067008K
  class space    used 2787K, capacity 2920K, committed 2944K, reserved 1048576K
Event: 7.069 GC heap after
Heap after GC invocations=6 (full 1):
 PSYoungGen      total 68096K, used 0K [0x00000000e0000000, 0x00000000e9200000, 0x0000000100000000)
  eden space 65536K, 0% used [0x00000000e0000000,0x00000000e0000000,0x00000000e4000000)
  from space 2560K, 0% used [0x00000000e4000000,0x00000000e4000000,0x00000000e4280000)
  to   space 9216K, 0% used [0x00000000e8900000,0x00000000e8900000,0x00000000e9200000)
 ParOldGen       total 33792K, used 8695K [0x00000000a0000000, 0x00000000a2100000, 0x00000000e0000000)
  object space 33792K, 25% used [0x00000000a0000000,0x00000000a087dee0,0x00000000a2100000)
 Metaspace       used 20799K, capacity 21224K, committed 21296K, reserved 1067008K
  class space    used 2787K, capacity 2920K, committed 2944K, reserved 1048576K
}
Event: 9.064 GC heap before
{Heap before GC invocations=7 (full 1):
 PSYoungGen      total 68096K, used 49823K [0x00000000e0000000, 0x00000000e9200000, 0x0000000100000000)
  eden space 65536K, 76% used [0x00000000e0000000,0x00000000e30a7d80,0x00000000e4000000)
  from space 2560K, 0% used [0x00000000e4000000,0x00000000e4000000,0x00000000e4280000)
  to   space 9216K, 0% used [0x00000000e8900000,0x00000000e8900000,0x00000000e9200000)
 ParOldGen       total 33792K, used 8695K [0x00000000a0000000, 0x00000000a2100000, 0x00000000e0000000)
  object space 33792K, 25% used [0x00000000a0000000,0x00000000a087dee0,0x00000000a2100000)
 Metaspace       used 24495K, capacity 25070K, committed 25344K, reserved 1071104K
  class space    used 3406K, capacity 3553K, committed 3584K, reserved 1048576K
Event: 9.074 GC heap after
Heap after GC invocations=7 (full 1):
 PSYoungGen      total 129536K, used 5828K [0x00000000e0000000, 0x00000000e8f00000, 0x0000000100000000)
  eden space 123392K, 0% used [0x00000000e0000000,0x00000000e0000000,0x00000000e7880000)
  from space 6144K, 94% used [0x00000000e8900000,0x00000000e8eb1300,0x00000000e8f00000)
  to   space 9216K, 0% used [0x00000000e7d00000,0x00000000e7d00000,0x00000000e8600000)
 ParOldGen       total 33792K, used 8703K [0x00000000a0000000, 0x00000000a2100000, 0x00000000e0000000)
  object space 33792K, 25% used [0x00000000a0000000,0x00000000a087fee0,0x00000000a2100000)
 Metaspace       used 24495K, capacity 25070K, committed 25344K, reserved 1071104K
  class space    used 3406K, capacity 3553K, committed 3584K, reserved 1048576K
}
Event: 9.074 GC heap before
{Heap before GC invocations=8 (full 2):
 PSYoungGen      total 129536K, used 5828K [0x00000000e0000000, 0x00000000e8f00000, 0x0000000100000000)
  eden space 123392K, 0% used [0x00000000e0000000,0x00000000e0000000,0x00000000e7880000)
  from space 6144K, 94% used [0x00000000e8900000,0x00000000e8eb1300,0x00000000e8f00000)
  to   space 9216K, 0% used [0x00000000e7d00000,0x00000000e7d00000,0x00000000e8600000)
 ParOldGen       total 33792K, used 8703K [0x00000000a0000000, 0x00000000a2100000, 0x00000000e0000000)
  object space 33792K, 25% used [0x00000000a0000000,0x00000000a087fee0,0x00000000a2100000)
 Metaspace       used 24495K, capacity 25070K, committed 25344K, reserved 1071104K
  class space    used 3406K, capacity 3553K, committed 3584K, reserved 1048576K
Event: 9.320 GC heap after
Heap after GC invocations=8 (full 2):
 PSYoungGen      total 129536K, used 0K [0x00000000e0000000, 0x00000000e8f00000, 0x0000000100000000)
  eden space 123392K, 0% used [0x00000000e0000000,0x00000000e0000000,0x00000000e7880000)
  from space 6144K, 0% used [0x00000000e8900000,0x00000000e8900000,0x00000000e8f00000)
  to   space 9216K, 0% used [0x00000000e7d00000,0x00000000e7d00000,0x00000000e8600000)
 ParOldGen       total 33792K, used 13012K [0x00000000a0000000, 0x00000000a2100000, 0x00000000e0000000)
  object space 33792K, 38% used [0x00000000a0000000,0x00000000a0cb53b0,0x00000000a2100000)
 Metaspace       used 24495K, capacity 25070K, committed 25344K, reserved 1071104K
  class space    used 3406K, capacity 3553K, committed 3584K, reserved 1048576K
}
Event: 28.316 GC heap before
{Heap before GC invocations=9 (full 2):
 PSYoungGen      total 129536K, used 123392K [0x00000000e0000000, 0x00000000e8f00000, 0x0000000100000000)
  eden space 123392K, 100% used [0x00000000e0000000,0x00000000e7880000,0x00000000e7880000)
  from space 6144K, 0% used [0x00000000e8900000,0x00000000e8900000,0x00000000e8f00000)
  to   space 9216K, 0% used [0x00000000e7d00000,0x00000000e7d00000,0x00000000e8600000)
 ParOldGen       total 33792K, used 13012K [0x00000000a0000000, 0x00000000a2100000, 0x00000000e0000000)
  object space 33792K, 38% used [0x00000000a0000000,0x00000000a0cb53b0,0x00000000a2100000)
 Metaspace       used 29069K, capacity 29816K, committed 30080K, reserved 1075200K
  class space    used 4044K, capacity 4206K, committed 4224K, reserved 1048576K
Event: 28.329 GC heap after
Heap after GC invocations=9 (full 2):
 PSYoungGen      total 137216K, used 6403K [0x00000000e0000000, 0x00000000ef080000, 0x0000000100000000)
  eden space 128000K, 0% used [0x00000000e0000000,0x00000000e0000000,0x00000000e7d00000)
  from space 9216K, 69% used [0x00000000e7d00000,0x00000000e8340ee0,0x00000000e8600000)
  to   space 9216K, 0% used [0x00000000ee780000,0x00000000ee780000,0x00000000ef080000)
 ParOldGen       total 33792K, used 13092K [0x00000000a0000000, 0x00000000a2100000, 0x00000000e0000000)
  object space 33792K, 38% used [0x00000000a0000000,0x00000000a0cc93d8,0x00000000a2100000)
 Metaspace       used 29069K, capacity 29816K, committed 30080K, reserved 1075200K
  class space    used 4044K, capacity 4206K, committed 4224K, reserved 1048576K
}
Event: 38.053 GC heap before
{Heap before GC invocations=10 (full 2):
 PSYoungGen      total 137216K, used 134403K [0x00000000e0000000, 0x00000000ef080000, 0x0000000100000000)
  eden space 128000K, 100% used [0x00000000e0000000,0x00000000e7d00000,0x00000000e7d00000)
  from space 9216K, 69% used [0x00000000e7d00000,0x00000000e8340ee0,0x00000000e8600000)
  to   space 9216K, 0% used [0x00000000ee780000,0x00000000ee780000,0x00000000ef080000)
 ParOldGen       total 33792K, used 13092K [0x00000000a0000000, 0x00000000a2100000, 0x00000000e0000000)
  object space 33792K, 38% used [0x00000000a0000000,0x00000000a0cc93d8,0x00000000a2100000)
 Metaspace       used 39080K, capacity 40096K, committed 40448K, reserved 1083392K
  class space    used 5301K, capacity 5522K, committed 5632K, reserved 1048576K

