# JRE version: Java(TM) SE Runtime Environment (8.0_121-b13) (build 1.8.0_121-b13)
# Java VM: Java HotSpot(TM) 64-Bit Server VM (25.121-b13 mixed mode windows-amd64 compressed oops)
Heap:
 PSYoungGen      total 73728K, used 45689K [0x00000000e0000000, 0x00000000e7b80000, 0x0000000100000000)
  eden space 65536K, 58% used [0x00000000e0000000,0x00000000e2573b10,0x00000000e4000000)
  from space 8192K, 89% used [0x00000000e4000000,0x00000000e472ab98,0x00000000e4800000)
  to   space 9216K, 0% used [0x00000000e7280000,0x00000000e7280000,0x00000000e7b80000)
 ParOldGen       total 38912K, used 11270K [0x00000000a0000000, 0x00000000a2600000, 0x00000000e0000000)
  object space 38912K, 28% used [0x00000000a0000000,0x00000000a0b01870,0x00000000a2600000)
 Metaspace       used 27793K, capacity 28300K, committed 28672K, reserved 1073152K
  class space    used 3894K, capacity 4038K, committed 4096K, reserved 1048576K
GC Heap History (10 events):
Event: 2.215 GC heap before
{Heap before GC invocations=4 (full 0):
 PSYoungGen      total 18944K, used 18944K [0x00000000e0000000, 0x00000000e2500000, 0x0000000100000000)
  eden space 16384K, 100% used [0x00000000e0000000,0x00000000e1000000,0x00000000e1000000)
  from space 2560K, 100% used [0x00000000e1000000,0x00000000e1280000,0x00000000e1280000)
  to   space 2560K, 0% used [0x00000000e2280000,0x00000000e2280000,0x00000000e2500000)
 ParOldGen       total 44032K, used 2119K [0x00000000a0000000, 0x00000000a2b00000, 0x00000000e0000000)
  object space 44032K, 4% used [0x00000000a0000000,0x00000000a0211cb8,0x00000000a2b00000)
 Metaspace       used 13027K, capacity 13398K, committed 13440K, reserved 1060864K
  class space    used 1788K, capacity 1885K, committed 1920K, reserved 1048576K
Event: 2.221 GC heap after
Heap after GC invocations=4 (full 0):
 PSYoungGen      total 35328K, used 2544K [0x00000000e0000000, 0x00000000e2500000, 0x0000000100000000)
  eden space 32768K, 0% used [0x00000000e0000000,0x00000000e0000000,0x00000000e2000000)
  from space 2560K, 99% used [0x00000000e2280000,0x00000000e24fc010,0x00000000e2500000)
  to   space 2560K, 0% used [0x00000000e2000000,0x00000000e2000000,0x00000000e2280000)
 ParOldGen       total 44032K, used 4107K [0x00000000a0000000, 0x00000000a2b00000, 0x00000000e0000000)
  object space 44032K, 9% used [0x00000000a0000000,0x00000000a0402d68,0x00000000a2b00000)
 Metaspace       used 13027K, capacity 13398K, committed 13440K, reserved 1060864K
  class space    used 1788K, capacity 1885K, committed 1920K, reserved 1048576K
}
Event: 3.179 GC heap before
{Heap before GC invocations=5 (full 0):
 PSYoungGen      total 35328K, used 35074K [0x00000000e0000000, 0x00000000e2500000, 0x0000000100000000)
  eden space 32768K, 99% used [0x00000000e0000000,0x00000000e1fc4b50,0x00000000e2000000)
  from space 2560K, 99% used [0x00000000e2280000,0x00000000e24fc010,0x00000000e2500000)
  to   space 2560K, 0% used [0x00000000e2000000,0x00000000e2000000,0x00000000e2280000)
 ParOldGen       total 44032K, used 4107K [0x00000000a0000000, 0x00000000a2b00000, 0x00000000e0000000)
  object space 44032K, 9% used [0x00000000a0000000,0x00000000a0402d68,0x00000000a2b00000)
 Metaspace       used 18831K, capacity 19162K, committed 19456K, reserved 1067008K
  class space    used 2575K, capacity 2693K, committed 2816K, reserved 1048576K
Event: 3.202 GC heap after
Heap after GC invocations=5 (full 0):
 PSYoungGen      total 35328K, used 2544K [0x00000000e0000000, 0x00000000e5100000, 0x0000000100000000)
  eden space 32768K, 0% used [0x00000000e0000000,0x00000000e0000000,0x00000000e2000000)
  from space 2560K, 99% used [0x00000000e2000000,0x00000000e227c010,0x00000000e2280000)
  to   space 8704K, 0% used [0x00000000e4880000,0x00000000e4880000,0x00000000e5100000)
 ParOldGen       total 44032K, used 10305K [0x00000000a0000000, 0x00000000a2b00000, 0x00000000e0000000)
  object space 44032K, 23% used [0x00000000a0000000,0x00000000a0a10560,0x00000000a2b00000)
 Metaspace       used 18831K, capacity 19162K, committed 19456K, reserved 1067008K
  class space    used 2575K, capacity 2693K, committed 2816K, reserved 1048576K
}
Event: 3.679 GC heap before
{Heap before GC invocations=6 (full 0):
 PSYoungGen      total 35328K, used 21597K [0x00000000e0000000, 0x00000000e5100000, 0x0000000100000000)
  eden space 32768K, 58% used [0x00000000e0000000,0x00000000e129b710,0x00000000e2000000)
  from space 2560K, 99% used [0x00000000e2000000,0x00000000e227c010,0x00000000e2280000)
  to   space 8704K, 0% used [0x00000000e4880000,0x00000000e4880000,0x00000000e5100000)
 ParOldGen       total 44032K, used 10305K [0x00000000a0000000, 0x00000000a2b00000, 0x00000000e0000000)
  object space 44032K, 23% used [0x00000000a0000000,0x00000000a0a10560,0x00000000a2b00000)
 Metaspace       used 20825K, capacity 21214K, committed 21296K, reserved 1067008K
  class space    used 2792K, capacity 2924K, committed 2944K, reserved 1048576K
Event: 3.739 GC heap after
Heap after GC invocations=6 (full 0):
 PSYoungGen      total 73216K, used 4829K [0x00000000e0000000, 0x00000000e5000000, 0x0000000100000000)
  eden space 65536K, 0% used [0x00000000e0000000,0x00000000e0000000,0x00000000e4000000)
  from space 7680K, 62% used [0x00000000e4880000,0x00000000e4d374e0,0x00000000e5000000)
  to   space 8192K, 0% used [0x00000000e4000000,0x00000000e4000000,0x00000000e4800000)
 ParOldGen       total 44032K, used 10305K [0x00000000a0000000, 0x00000000a2b00000, 0x00000000e0000000)
  object space 44032K, 23% used [0x00000000a0000000,0x00000000a0a10560,0x00000000a2b00000)
 Metaspace       used 20825K, capacity 21214K, committed 21296K, reserved 1067008K
  class space    used 2792K, capacity 2924K, committed 2944K, reserved 1048576K
}
Event: 3.739 GC heap before
{Heap before GC invocations=7 (full 1):
 PSYoungGen      total 73216K, used 4829K [0x00000000e0000000, 0x00000000e5000000, 0x0000000100000000)
  eden space 65536K, 0% used [0x00000000e0000000,0x00000000e0000000,0x00000000e4000000)
  from space 7680K, 62% used [0x00000000e4880000,0x00000000e4d374e0,0x00000000e5000000)
  to   space 8192K, 0% used [0x00000000e4000000,0x00000000e4000000,0x00000000e4800000)
 ParOldGen       total 44032K, used 10305K [0x00000000a0000000, 0x00000000a2b00000, 0x00000000e0000000)
  object space 44032K, 23% used [0x00000000a0000000,0x00000000a0a10560,0x00000000a2b00000)
 Metaspace       used 20825K, capacity 21214K, committed 21296K, reserved 1067008K
  class space    used 2792K, capacity 2924K, committed 2944K, reserved 1048576K
Event: 3.860 GC heap after
Heap after GC invocations=7 (full 1):
 PSYoungGen      total 73216K, used 0K [0x00000000e0000000, 0x00000000e5000000, 0x0000000100000000)
  eden space 65536K, 0% used [0x00000000e0000000,0x00000000e0000000,0x00000000e4000000)
  from space 7680K, 0% used [0x00000000e4880000,0x00000000e4880000,0x00000000e5000000)
  to   space 8192K, 0% used [0x00000000e4000000,0x00000000e4000000,0x00000000e4800000)
 ParOldGen       total 38912K, used 11270K [0x00000000a0000000, 0x00000000a2600000, 0x00000000e0000000)
  object space 38912K, 28% used [0x00000000a0000000,0x00000000a0b01870,0x00000000a2600000)
 Metaspace       used 20825K, capacity 21214K, committed 21296K, reserved 1067008K
  class space    used 2792K, capacity 2924K, committed 2944K, reserved 1048576K
}
Event: 5.134 GC heap before
{Heap before GC invocations=8 (full 1):
 PSYoungGen      total 73216K, used 65536K [0x00000000e0000000, 0x00000000e5000000, 0x0000000100000000)
  eden space 65536K, 100% used [0x00000000e0000000,0x00000000e4000000,0x00000000e4000000)
  from space 7680K, 0% used [0x00000000e4880000,0x00000000e4880000,0x00000000e5000000)
  to   space 8192K, 0% used [0x00000000e4000000,0x00000000e4000000,0x00000000e4800000)
 ParOldGen       total 38912K, used 11270K [0x00000000a0000000, 0x00000000a2600000, 0x00000000e0000000)
  object space 38912K, 28% used [0x00000000a0000000,0x00000000a0b01870,0x00000000a2600000)
 Metaspace       used 25905K, capacity 26420K, committed 26624K, reserved 1073152K
  class space    used 3654K, capacity 3778K, committed 3840K, reserved 1048576K
Event: 5.183 GC heap after
Heap after GC invocations=8 (full 1):
 PSYoungGen      total 73728K, used 7338K [0x00000000e0000000, 0x00000000e7b80000, 0x0000000100000000)
  eden space 65536K, 0% used [0x00000000e0000000,0x00000000e0000000,0x00000000e4000000)
  from space 8192K, 89% used [0x00000000e4000000,0x00000000e472ab98,0x00000000e4800000)
  to   space 9216K, 0% used [0x00000000e7280000,0x00000000e7280000,0x00000000e7b80000)
 ParOldGen       total 38912K, used 11270K [0x00000000a0000000, 0x00000000a2600000, 0x00000000e0000000)
  object space 38912K, 28% used [0x00000000a0000000,0x00000000a0b01870,0x00000000a2600000)
 Metaspace       used 25905K, capacity 26420K, committed 26624K, reserved 1073152K
  class space    used 3654K, capacity 3778K, committed 3840K, reserved 1048576K
}

